<?xml version="1.0" encoding="UTF-8"?>
<!-- Generated by org.testng.reporters.JUnitReportReporter -->
<testsuite hostname="LAPTOP-R2QCSSNI" name="com.MyCompany.eCommProject.testscripts.MyTC1" tests="1" failures="0" timestamp="20 Dec 2017 04:50:55 GMT" time="3.305" errors="0">
  <testcase name="verifyTitle" time="3.305" classname="com.MyCompany.eCommProject.testscripts.MyTC1"/>
</testsuite> <!-- com.MyCompany.eCommProject.testscripts.MyTC1 -->
