<?xml version="1.0" encoding="UTF-8"?>
<!-- Generated by org.testng.reporters.JUnitReportReporter -->
<testsuite hostname="LAPTOP-R2QCSSNI" name="com.MyCompany.eCommProject.testscripts.MyTC2" tests="1" failures="0" timestamp="20 Dec 2017 04:50:55 GMT" time="2.980" errors="0">
  <testcase name="costVerify" time="2.980" classname="com.MyCompany.eCommProject.testscripts.MyTC2"/>
</testsuite> <!-- com.MyCompany.eCommProject.testscripts.MyTC2 -->
