<?xml version="1.0" encoding="UTF-8"?>
<!-- Generated by org.testng.reporters.JUnitReportReporter -->
<testsuite hostname="LAPTOP-R2QCSSNI" name="com.MyCompany.eCommProject.testscripts.Assign1" tests="1" failures="0" timestamp="8 Dec 2017 20:10:14 GMT" time="3.981" errors="0">
  <testcase name="verifyTitle" time="3.981" classname="com.MyCompany.eCommProject.testscripts.Assign1"/>
</testsuite> <!-- com.MyCompany.eCommProject.testscripts.Assign1 -->
