<?xml version="1.0" encoding="UTF-8"?>
<!-- Generated by org.testng.reporters.JUnitReportReporter -->
<testsuite hostname="LAPTOP-R2QCSSNI" name="com.MyCompany.eCommProject.testscripts.Assign1_POM" tests="1" failures="0" timestamp="12 Dec 2017 02:38:06 GMT" time="5.343" errors="0">
  <testcase name="verifyTitle" time="5.343" classname="com.MyCompany.eCommProject.testscripts.Assign1_POM"/>
</testsuite> <!-- com.MyCompany.eCommProject.testscripts.Assign1_POM -->
