<?xml version="1.0" encoding="UTF-8"?>
<!-- Generated by org.testng.reporters.JUnitReportReporter -->
<testsuite hostname="LAPTOP-R2QCSSNI" name="com.MyCompany.eCommProject.testscripts.TC1" tests="1" failures="0" timestamp="17 Dec 2017 06:34:07 GMT" time="3.817" errors="0">
  <testcase name="verifyTitle" time="3.817" classname="com.MyCompany.eCommProject.testscripts.TC1"/>
</testsuite> <!-- com.MyCompany.eCommProject.testscripts.TC1 -->
